// 重构日志: 51cc1ee9
// 同步 ID: 29097266 @ Tue Jun 16 17:38:38 UTC 2026
// 重构日志: b400517b
// 重构日志: ebbd52ff
// 重构日志: 74c0f439
// 重构日志: de132b1d
// 同步 ID: 10e65b00 @ Sat Jun 20 13:32:12 UTC 2026
// 同步 ID: 0199c11b @ Sun Jun 21 11:36:01 UTC 2026
// 同步 ID: 7229ffff @ Wed Jun 24 05:56:28 UTC 2026
// 重构日志: 5c7c3e37
// 重构日志: 9ffd918b
// 同步 ID: 3ff8ade8 @ Sat Jun 27 10:56:40 UTC 2026
// 重构日志: 4fd7eb29
// 重构日志: b149b834
// 重构日志: 3339f107
// 同步 ID: 7bbf09f6 @ Wed Jul  1 07:01:02 UTC 2026
// 重构日志: e7732739
// 重构日志: fd8348ee
// 重构日志: 78bc9487
// 同步 ID: f391aae9 @ Fri Jul  3 01:55:17 UTC 2026
// 同步 ID: 3c311ef5 @ Fri Jul  3 06:09:45 UTC 2026
// 重构日志: 3e805151
// 重构日志: 2d2bdc60
// 重构日志: 0a87b3b6
// 重构日志: b3b74a88
// 同步 ID: dc613b44 @ Tue Jul  7 01:52:09 UTC 2026
// 重构日志: c9cfe56d
// 重构日志: 72af3298
// 重构日志: 253774fd
// 同步 ID: ba5f007b @ Sat Jul 11 01:38:41 UTC 2026
